------------------------------------------------------------------------------------------------------------------------------------------------------
Symbol Table : global						Parent: NULL
------------------------------------------------------------------------------------------------------------------------------------------------------
Name                          Type                                    InitVal             Size                Offset              Nested Table        
printi                        funct(int)                              -                   0                   0                   printi              
main                          funct(int)                              -                   0                   0                   main                
------------------------------------------------------------------------------------------------------------------------------------------------------

------------------------------------------------------------------------------------------------------------------------------------------------------
Symbol Table : printi						Parent: global
------------------------------------------------------------------------------------------------------------------------------------------------------
Name                          Type                                    InitVal             Size                Offset              Nested Table        
n                             int                                     -                   4                   0                   NULL                
return                        int                                     -                   4                   4                   NULL                
------------------------------------------------------------------------------------------------------------------------------------------------------

------------------------------------------------------------------------------------------------------------------------------------------------------
Symbol Table : main						Parent: global
------------------------------------------------------------------------------------------------------------------------------------------------------
Name                          Type                                    InitVal             Size                Offset              Nested Table        
return                        int                                     -                   4                   0                   NULL                
n                             int                                     5                   4                   4                   NULL                
t0                            int                                     5                   4                   8                   NULL                
fact                          int                                     1                   4                   12                  NULL                
t1                            int                                     1                   4                   16                  NULL                
t2                            int                                     0                   4                   20                  NULL                
main_0                        block                                   -                   4                   24                  main_0              
t3                            int                                     -                   4                   28                  NULL                
------------------------------------------------------------------------------------------------------------------------------------------------------

------------------------------------------------------------------------------------------------------------------------------------------------------
Symbol Table : main_0						Parent: main
------------------------------------------------------------------------------------------------------------------------------------------------------
Name                          Type                                    InitVal             Size                Offset              Nested Table        
t0                            int                                     -                   4                   0                   NULL                
------------------------------------------------------------------------------------------------------------------------------------------------------

Three Address Codes:
1: printi:
2: return n
3: main:
4: t0 = 5
5: n = t0
6: t1 = 1
7: fact = t1
8: t2 = 0
9: if n > t2 goto 11
10: goto 16
11: main_0:
12: fact = n
13: t0 = n
14: n = n - 1
15: goto 8
16: param fact
17: t3 = call printi, 1
