Updating symbol main with type int
Updating symbol return with type int
Updating symbol main with type funct(int)
Updating symbol sum with type int
Updating symbol i with type int
------------------------------------------------------------------------------------------------------------------------------------------------------
Symbol Table : global						Parent: NULL
------------------------------------------------------------------------------------------------------------------------------------------------------
Name                          Type                                    InitVal             Size                Offset              Nested Table        
main                          funct(int)                              -                   0                   0                   main                
------------------------------------------------------------------------------------------------------------------------------------------------------

------------------------------------------------------------------------------------------------------------------------------------------------------
Symbol Table : main						Parent: global
------------------------------------------------------------------------------------------------------------------------------------------------------
Name                          Type                                    InitVal             Size                Offset              Nested Table        
return                        int                                     -                   4                   0                   NULL                
sum                           int                                     0                   4                   4                   NULL                
t0                            int                                     0                   4                   8                   NULL                
i                             int                                     -                   4                   12                  NULL                
t1                            int                                     1                   4                   16                  NULL                
t2                            int                                     10                  4                   20                  NULL                
t3                            int                                     -                   4                   24                  NULL                
main_0                        block                                   -                   4                   28                  main_0              
------------------------------------------------------------------------------------------------------------------------------------------------------

------------------------------------------------------------------------------------------------------------------------------------------------------
Symbol Table : main_0						Parent: main
------------------------------------------------------------------------------------------------------------------------------------------------------
Name                          Type                                    InitVal             Size                Offset              Nested Table        
------------------------------------------------------------------------------------------------------------------------------------------------------

Three Address Codes:
1: main:
2: t0 = 0
3: sum = t0
4: t1 = 1
5: i = t1
6: t2 = 10
7: if i <= t2 goto 12
8: goto 15
9: t3 = i
10: i = i + 1
11: goto 6
12: main_0:
13: sum = i
14: goto 9
15: return sum
